<?xml version="1.0" encoding="UTF-8"?>
<!-- Generated by org.testng.reporters.JUnitReportReporter -->
<testsuite skipped="0" hostname="ALEXBER-LAP-HZ" name="il.co.yad2_new.yad2_auto_tests.AmazonTests" tests="1" failures="0" timestamp="19 May 2019 13:11:45 GMT" time="74.373" errors="0">
  <testcase name="_002_logInToAmazon" time="74.373" classname="il.co.yad2_new.yad2_auto_tests.AmazonTests"/>
</testsuite> <!-- il.co.yad2_new.yad2_auto_tests.AmazonTests -->
