<?xml version="1.0" encoding="UTF-8"?>
<!-- Generated by org.testng.reporters.JUnitReportReporter -->
<testsuite skipped="0" hostname="ALEXBER-LAP-HZ" name="tests.AmazonTests" tests="1" failures="0" timestamp="16 Jun 2019 11:59:05 GMT" time="14.152" errors="0">
  <testcase name="_002_logInToAmazon" time="14.152" classname="tests.AmazonTests"/>
</testsuite> <!-- tests.AmazonTests -->
