<?xml version="1.0" encoding="UTF-8"?>
<!-- Generated by org.testng.reporters.JUnitReportReporter -->
<testsuite skipped="0" hostname="ALEXBER-LAP-HZ" name="il.co.yad2_new.yad2_auto_tests.seleniumExamples" tests="1" failures="0" timestamp="11 May 2019 14:01:54 GMT" time="12.658" errors="0">
  <testcase name="firstSeleniumTest" time="12.658" classname="il.co.yad2_new.yad2_auto_tests.seleniumExamples"/>
</testsuite> <!-- il.co.yad2_new.yad2_auto_tests.seleniumExamples -->
