<?xml version="1.0" encoding="UTF-8"?>
<!-- Generated by org.testng.reporters.JUnitReportReporter -->
<testsuite skipped="0" hostname="ALEXBER-LAP-HZ" name="tests.AmazonTests" tests="1" failures="0" timestamp="21 May 2019 11:36:46 GMT" time="8.507" errors="0">
  <testcase name="_002_logInToAmazon" time="8.507" classname="tests.AmazonTests"/>
</testsuite> <!-- tests.AmazonTests -->
